<?xml version="1.0" encoding="UTF-8"?>
<!-- Generated by org.testng.reporters.JUnitReportReporter -->
<testsuite hostname="DESKTOP-7ACONEL" failures="0" tests="1" name="com.demo.testscript.CustomerModule" time="13.529" errors="0" timestamp="2024-10-12T14:40:57 IST" skipped="0">
  <testcase classname="com.demo.testscript.CustomerModule" name="createCustomer" time="13.529">
    <system-out>
      <![CDATA[
The 'actiTIME - Enter Time-Track' page is displayed.

The 'actiTIME - Task List' page is displayed.]]>
    </system-out>
  </testcase> <!-- createCustomer -->
  <system-out>
    <![CDATA[
The 'actiTIME - Login' page is displayed.
Logging in to the ActiTIME website.

The 'actiTIME - Enter Time-Track' page is displayed.

The 'actiTIME - Task List' page is displayed.
Logging out of the ActiTIME website.
]]>
  </system-out>
</testsuite> <!-- com.demo.testscript.CustomerModule -->
